Unable to capture context for thread 12980 in process 12368, can not generate back trace
Unable to capture context for thread 14716 in process 12368, can not generate back trace
Exception at PC 0x00007FF83A67BB93
Printing stacktrace...

[0]  [0x00007FF83A67BB93]
[1]  [0x00007FF83A67BB93]
[2]  [0x00007FF83A67B4A1]
[3]  [0x00007FF83A67B3EF]
[4]  [0x00007FF83A6619FE]
[5]  [0x00007FF83A660ED1]
[6]  [0x00007FF83A660D76]
[7]  [0x00007FF83A6079F6]
[8]  [0x00007FF83A5F7AFB]
[9]  [0x00007FF83A71E90A]
[10]  [0x00007FF83A739F87]
[11]  [0x00007FF83A73A05F]
[12] (BaseThreadInitThunk+0x14) [0x00007FF8A22D4034]
[13] (RtlUserThreadStart+0x21) [0x00007FF8A35D3691]
Done
Exception at PC 0x00007FF83A381A52
Attemped to write at address 0x00007FF84B82ABA4
Printing stacktrace...

[0]  [0x00007FF83A381A52]
[1]  [0x00007FF83A381A52]
[2]  [0x00007FF83A381AD4]
[3]  [0x00007FF83A4C3FF7]
[4]  [0x00007FF83A3A9128]
[5]  [0x00007FF83A65DFB9]
[6]  [0x00007FF83A82EF23]
[7]  [0x00007FF83A73B06B]
[8]  [0x00007FF83A7308AF]
[9]  [0x00007FF83A730A32]
[10] (RtlActivateActivationContextUnsafeFast+0x123) [0x00007FF8A359B583]
[11] (LdrShutdownProcess+0x125) [0x00007FF8A35A7F85]
[12] (RtlExitUserProcess+0xd8) [0x00007FF8A35A7E48]
[13] (FatalExit+0xa) [0x00007FF8A22DCA7A]
[14] (exit+0x75) [0x00007FF8A2259CE5]
[15] (initterm_e+0x235) [0x00007FF8A225A345]
[16]  [0x00000000004014CD]
[17]  [0x000000000040151B]
[18] (BaseThreadInitThunk+0x14) [0x00007FF8A22D4034]
[19] (RtlUserThreadStart+0x21) [0x00007FF8A35D3691]
Done
