Copyright 1986-2017 Xilinx, Inc. All Rights Reserved.
----------------------------------------------------------------------------------------------------------------------------------------
| Tool Version     : Vivado v.2017.2 (win64) Build 1909853 Thu Jun 15 18:39:09 MDT 2017
| Date             : Wed Jun 12 14:54:49 2019
| Host             : LAPTOP-1OKO4PIR running 64-bit major release  (build 9200)
| Command          : report_power -file Alarme_power_routed.rpt -pb Alarme_power_summary_routed.pb -rpx Alarme_power_routed.rpx
| Design           : Alarme
| Device           : xc7a35tcpg236-1
| Design State     : routed
| Grade            : commercial
| Process          : typical
| Characterization : Production
----------------------------------------------------------------------------------------------------------------------------------------

Power Report

Table of Contents
-----------------
1. Summary
1.1 On-Chip Components
1.2 Power Supply Summary
1.3 Confidence Level
2. Settings
2.1 Environment
2.2 Clock Constraints
3. Detailed Reports
3.1 By Hierarchy

1. Summary
----------

+--------------------------+-------+
| Total On-Chip Power (W)  | 9.517 |
| Dynamic (W)              | 9.384 |
| Device Static (W)        | 0.133 |
| Effective TJA (C/W)      | 5.0   |
| Max Ambient (C)          | 37.4  |
| Junction Temperature (C) | 72.6  |
| Confidence Level         | Low   |
| Setting File             | ---   |
| Simulation Activity File | ---   |
| Design Nets Matched      | NA    |
+--------------------------+-------+


1.1 On-Chip Components
----------------------

+----------------+-----------+----------+-----------+-----------------+
| On-Chip        | Power (W) | Used     | Available | Utilization (%) |
+----------------+-----------+----------+-----------+-----------------+
| Slice Logic    |     0.631 |      433 |       --- |             --- |
|   LUT as Logic |     0.516 |      173 |     20800 |            0.83 |
|   CARRY4       |     0.068 |       38 |      8150 |            0.47 |
|   Register     |     0.041 |      151 |     41600 |            0.36 |
|   BUFG         |     0.006 |        1 |        32 |            3.13 |
|   Others       |     0.000 |       15 |       --- |             --- |
| Signals        |     0.783 |      362 |       --- |             --- |
| I/O            |     7.970 |       47 |       106 |           44.34 |
| Static Power   |     0.133 |          |           |                 |
| Total          |     9.517 |          |           |                 |
+----------------+-----------+----------+-----------+-----------------+


1.2 Power Supply Summary
------------------------

+-----------+-------------+-----------+-------------+------------+
| Source    | Voltage (V) | Total (A) | Dynamic (A) | Static (A) |
+-----------+-------------+-----------+-------------+------------+
| Vccint    |       1.000 |     1.510 |       1.450 |      0.060 |
| Vccaux    |       1.800 |     0.309 |       0.291 |      0.018 |
| Vcco33    |       3.300 |     2.247 |       2.246 |      0.001 |
| Vcco25    |       2.500 |     0.000 |       0.000 |      0.000 |
| Vcco18    |       1.800 |     0.000 |       0.000 |      0.000 |
| Vcco15    |       1.500 |     0.000 |       0.000 |      0.000 |
| Vcco135   |       1.350 |     0.000 |       0.000 |      0.000 |
| Vcco12    |       1.200 |     0.000 |       0.000 |      0.000 |
| Vccaux_io |       1.800 |     0.000 |       0.000 |      0.000 |
| Vccbram   |       1.000 |     0.001 |       0.000 |      0.001 |
| MGTAVcc   |       1.000 |     0.000 |       0.000 |      0.000 |
| MGTAVtt   |       1.200 |     0.000 |       0.000 |      0.000 |
| Vccadc    |       1.800 |     0.020 |       0.000 |      0.020 |
+-----------+-------------+-----------+-------------+------------+


1.3 Confidence Level
--------------------

+-----------------------------+------------+--------------------------------------------------------+--------------------------------------------------------------------------------------------------------------------+
| User Input Data             | Confidence | Details                                                | Action                                                                                                             |
+-----------------------------+------------+--------------------------------------------------------+--------------------------------------------------------------------------------------------------------------------+
| Design implementation state | High       | Design is routed                                       |                                                                                                                    |
| Clock nodes activity        | Low        | User specified less than 75% of clocks                 | Provide missing clock activity with a constraint file, simulation results or by editing the "By Clock Domain" view |
| I/O nodes activity          | Low        | More than 75% of inputs are missing user specification | Provide missing input activity with simulation results or by editing the "By Resource Type -> I/Os" view           |
| Internal nodes activity     | Medium     | User specified less than 25% of internal nodes         | Provide missing internal nodes activity with simulation results or by editing the "By Resource Type" views         |
| Device models               | High       | Device models are Production                           |                                                                                                                    |
|                             |            |                                                        |                                                                                                                    |
| Overall confidence level    | Low        |                                                        |                                                                                                                    |
+-----------------------------+------------+--------------------------------------------------------+--------------------------------------------------------------------------------------------------------------------+


2. Settings
-----------

2.1 Environment
---------------

+-----------------------+--------------------------+
| Ambient Temp (C)      | 25.0                     |
| ThetaJA (C/W)         | 5.0                      |
| Airflow (LFM)         | 250                      |
| Heat Sink             | medium (Medium Profile)  |
| ThetaSA (C/W)         | 4.6                      |
| Board Selection       | medium (10"x10")         |
| # of Board Layers     | 12to15 (12 to 15 Layers) |
| Board Temperature (C) | 25.0                     |
+-----------------------+--------------------------+


2.2 Clock Constraints
---------------------

+-------+--------+-----------------+
| Clock | Domain | Constraint (ns) |
+-------+--------+-----------------+


3. Detailed Reports
-------------------

3.1 By Hierarchy
----------------

+-------------------+-----------+
| Name              | Power (W) |
+-------------------+-----------+
| Alarme            |     9.384 |
|   Digicode        |     0.849 |
|     Assemble_Code |     0.572 |
|     Disp4D        |     0.105 |
|       Compteur    |    <0.001 |
|       Timer       |     0.105 |
|     Lecture_Code  |     0.172 |
|       Tick_100us  |     0.097 |
|   GestionAlarme   |     0.131 |
|   Timer_30s       |     0.268 |
+-------------------+-----------+


